<?xml version="1.0" encoding="UTF-8"?>
<!-- Generated by org.testng.reporters.JUnitReportReporter -->
<testsuite hostname="BADBOY" failures="0" tests="14" name="com.qt.qualithon.test.MovieSearchTest" time="213.845" errors="0" timestamp="2022-03-25T13:54:49 IST" skipped="0">
  <testcase classname="com.qt.qualithon.test.MovieSearchTest" name="testMovieMetadataOnWebHasCorrectMovieRatingScore" time="14.045"/>
  <system-out/>
  <testcase classname="com.qt.qualithon.test.MovieSearchTest" name="testMovieMetadataOnWebHasCorrectDirectorName" time="14.518"/>
  <system-out/>
  <testcase classname="com.qt.qualithon.test.MovieSearchTest" name="testMovieMetadataOnWebHasCorrectGenres" time="17.462"/>
  <system-out/>
  <testcase classname="com.qt.qualithon.test.MovieSearchTest" name="testMovieMetadataOnWebHasCorrectDirectorName" time="16.816"/>
  <system-out/>
  <testcase classname="com.qt.qualithon.test.MovieSearchTest" name="testMovieMetadataOnWebHasCorrectWriters" time="16.115"/>
  <system-out/>
  <testcase classname="com.qt.qualithon.test.MovieSearchTest" name="testMovieMetadataOnWebHasCorrectGenres" time="15.188"/>
  <system-out/>
  <testcase classname="com.qt.qualithon.test.MovieSearchTest" name="testMovieMetadataOnWebHasCorrectReleaseYear" time="14.271"/>
  <system-out/>
  <testcase classname="com.qt.qualithon.test.MovieSearchTest" name="testMovieMetadataOnWebHasCorrectMaturityRating" time="13.543"/>
  <system-out/>
  <testcase classname="com.qt.qualithon.test.MovieSearchTest" name="testMovieMetadataOnWebHasCorrectMaturityRating" time="16.925"/>
  <system-out/>
  <testcase classname="com.qt.qualithon.test.MovieSearchTest" name="testMovieMetadataOnWebHasCorrectMovieRatingScore" time="15.738"/>
  <system-out/>
  <testcase classname="com.qt.qualithon.test.MovieSearchTest" name="testMovieMetadataOnWebHasCorrectWriters" time="15.280"/>
  <system-out/>
  <testcase classname="com.qt.qualithon.test.MovieSearchTest" name="testSearchByExactMovieTitleReturnsMovieAsFirstResult" time="14.618"/>
  <system-out/>
  <testcase classname="com.qt.qualithon.test.MovieSearchTest" name="testMovieMetadataOnWebHasCorrectReleaseYear" time="12.782"/>
  <system-out/>
  <testcase classname="com.qt.qualithon.test.MovieSearchTest" name="testSearchByExactMovieTitleReturnsMovieAsFirstResult" time="16.544"/>
  <system-out/>
</testsuite> <!-- com.qt.qualithon.test.MovieSearchTest -->
